<?xml version="1.0" encoding="UTF-8"?>
<!-- Generated by org.testng.reporters.JUnitReportReporter -->
<testsuite hostname="Hung-PC" name="testcase.TC10" tests="1" failures="0" timestamp="17 Dec 2018 15:08:09 GMT" time="9.012" errors="0">
  <testcase name="TC_11" time="9.012" classname="testcase.TC10"/>
</testsuite> <!-- testcase.TC10 -->
