<?xml version="1.0" encoding="UTF-8"?>
<!-- Generated by org.testng.reporters.JUnitReportReporter -->
<testsuite hostname="Hung-PC" name="testcase.TC01_TC04" tests="2" failures="0" timestamp="16 Dec 2018 16:17:54 GMT" time="16.976" errors="0">
  <testcase name="TC04" time="7.840" classname="testcase.TC01_TC04"/>
  <testcase name="TC01" time="9.136" classname="testcase.TC01_TC04"/>
</testsuite> <!-- testcase.TC01_TC04 -->
