<?xml version="1.0" encoding="UTF-8"?>
<!-- Generated by org.testng.reporters.JUnitReportReporter -->
<testsuite skipped="0" hostname="Hung-PC" name="testcase.TC06" tests="1" failures="0" timestamp="12 Dec 2018 09:10:03 GMT" time="2.263" errors="0">
  <testcase name="TC_06" time="2.263" classname="testcase.TC06"/>
</testsuite> <!-- testcase.TC06 -->
