<?xml version="1.0" encoding="UTF-8"?>
<!-- Generated by org.testng.reporters.JUnitReportReporter -->
<testsuite hostname="Hung-PC" name="testcase.TC07" tests="1" failures="0" timestamp="17 Dec 2018 14:32:25 GMT" time="26.345" errors="0">
  <testcase name="TC_07" time="26.345" classname="testcase.TC07"/>
</testsuite> <!-- testcase.TC07 -->
