<?xml version="1.0" encoding="UTF-8"?>
<!-- Generated by org.testng.reporters.JUnitReportReporter -->
<testsuite hostname="Hung-PC" name="testcase.TC14_TC15_TC16" tests="1" failures="0" timestamp="18 Dec 2018 17:11:35 GMT" time="13.514" errors="0">
  <testcase name="TC14" time="13.514" classname="testcase.TC14_TC15_TC16"/>
</testsuite> <!-- testcase.TC14_TC15_TC16 -->
