<?xml version="1.0" encoding="UTF-8"?>
<!-- Generated by org.testng.reporters.JUnitReportReporter -->
<testsuite skipped="0" hostname="LGDN15025-W7D01" name="testcase.TC10" tests="1" failures="0" timestamp="12 Dec 2018 07:51:47 GMT" time="1.825" errors="0">
  <testcase name="TC_10" time="1.825" classname="testcase.TC10"/>
</testsuite> <!-- testcase.TC10 -->
