<?xml version="1.0" encoding="UTF-8"?>
<!-- Generated by org.testng.reporters.JUnitReportReporter -->
<testsuite hostname="LGDN15025-W7D01" name="testcase.TC09_TC12_TC13_Change_Forgot_Password_Test" tests="1" failures="0" timestamp="20 Dec 2018 04:19:37 GMT" time="30.727" errors="0">
  <testcase name="TC_09" time="30.727" classname="testcase.TC09_TC12_TC13_Change_Forgot_Password_Test"/>
</testsuite> <!-- testcase.TC09_TC12_TC13_Change_Forgot_Password_Test -->
