<?xml version="1.0" encoding="UTF-8"?>
<!-- Generated by org.testng.reporters.JUnitReportReporter -->
<testsuite hostname="Hung-PC" name="testcase.TC08" tests="1" failures="0" timestamp="17 Dec 2018 14:40:01 GMT" time="10.242" errors="0">
  <testcase name="TC_08" time="10.242" classname="testcase.TC08"/>
</testsuite> <!-- testcase.TC08 -->
