<?xml version="1.0" encoding="UTF-8"?>
<!-- Generated by org.testng.reporters.JUnitReportReporter -->
<testsuite hostname="LGDN15025-W7D01" name="testcase.TC14_TC15_TC16" tests="1" failures="0" timestamp="19 Dec 2018 09:26:24 GMT" time="16.159" errors="0">
  <testcase name="TC14" time="16.159" classname="testcase.TC14_TC15_TC16"/>
</testsuite> <!-- testcase.TC14_TC15_TC16 -->
