<?xml version="1.0" encoding="UTF-8"?>
<!-- Generated by org.testng.reporters.JUnitReportReporter -->
<testsuite skipped="0" hostname="Hung-PC" name="testcase.TC01_TC04" tests="2" failures="0" timestamp="12 Dec 2018 09:10:03 GMT" time="3.100" errors="0">
  <testcase name="TC04" time="0.827" classname="testcase.TC01_TC04"/>
  <testcase name="TC01" time="2.273" classname="testcase.TC01_TC04"/>
</testsuite> <!-- testcase.TC01_TC04 -->
