<?xml version="1.0" encoding="UTF-8"?>
<!-- Generated by org.testng.reporters.JUnitReportReporter -->
<testsuite hostname="LGDN15025-W7D01" name="testcase.TC01_TC04" tests="2" failures="0" timestamp="17 Dec 2018 10:11:45 GMT" time="23.424" errors="0">
  <testcase name="TC04" time="11.913" classname="testcase.TC01_TC04"/>
  <testcase name="TC01" time="11.511" classname="testcase.TC01_TC04"/>
</testsuite> <!-- testcase.TC01_TC04 -->
