<?xml version="1.0" encoding="UTF-8"?>
<!-- Generated by org.testng.reporters.JUnitReportReporter -->
<testsuite skipped="0" hostname="LGDN15025-W7D01" name="Common.EmailTests" tests="1" failures="0" timestamp="12 Dec 2018 07:52:42 GMT" time="3.017" errors="0">
  <testcase name="testVerificationCode" time="3.017" classname="Common.EmailTests"/>
</testsuite> <!-- Common.EmailTests -->
