<?xml version="1.0" encoding="UTF-8"?>
<!-- Generated by org.testng.reporters.JUnitReportReporter -->
<testsuite hostname="Hung-PC" name="testcase.TC01_to_TC06_TC08_Test_Login_Page" tests="1" failures="0" timestamp="19 Dec 2018 15:56:32 GMT" time="17.547" errors="0">
  <testcase name="TC_06" time="17.547" classname="testcase.TC01_to_TC06_TC08_Test_Login_Page"/>
</testsuite> <!-- testcase.TC01_to_TC06_TC08_Test_Login_Page -->
