<?xml version="1.0" encoding="UTF-8"?>
<!-- Generated by org.testng.reporters.JUnitReportReporter -->
<testsuite skipped="0" hostname="LGDN15025-W7D01" name="testcase.TC01_TC04" tests="2" failures="0" timestamp="12 Dec 2018 09:59:45 GMT" time="3.271" errors="0">
  <testcase name="TC01" time="2.268" classname="testcase.TC01_TC04"/>
  <testcase name="TC04" time="1.003" classname="testcase.TC01_TC04"/>
</testsuite> <!-- testcase.TC01_TC04 -->
