<?xml version="1.0" encoding="UTF-8"?>
<!-- Generated by org.testng.reporters.JUnitReportReporter -->
<testsuite skipped="0" hostname="Hung-PC" name="testcase.TC07" tests="1" failures="0" timestamp="12 Dec 2018 09:10:03 GMT" time="8.835" errors="0">
  <testcase name="TC_07" time="8.835" classname="testcase.TC07"/>
</testsuite> <!-- testcase.TC07 -->
