<?xml version="1.0" encoding="UTF-8"?>
<!-- Generated by org.testng.reporters.JUnitReportReporter -->
<testsuite skipped="0" hostname="Hung-PC" name="testcase.TC08" tests="1" failures="0" timestamp="12 Dec 2018 09:10:03 GMT" time="4.085" errors="0">
  <testcase name="TC_08" time="4.085" classname="testcase.TC08"/>
</testsuite> <!-- testcase.TC08 -->
