<?xml version="1.0" encoding="UTF-8"?>
<!-- Generated by org.testng.reporters.JUnitReportReporter -->
<testsuite hostname="Hung-PC" name="testcase.TC09_TC12_TC13_Change_Forgot_Password_Test" tests="1" failures="0" timestamp="17 Dec 2018 16:34:26 GMT" time="34.555" errors="0">
  <testcase name="TC13" time="34.555" classname="testcase.TC09_TC12_TC13_Change_Forgot_Password_Test"/>
</testsuite> <!-- testcase.TC09_TC12_TC13_Change_Forgot_Password_Test -->
