<?xml version="1.0" encoding="UTF-8"?>
<!-- Generated by org.testng.reporters.JUnitReportReporter -->
<testsuite skipped="0" hostname="LGDN15025-W7D01" name="testcase.TC07" tests="1" failures="0" timestamp="12 Dec 2018 07:52:25 GMT" time="2.592" errors="0">
  <testcase name="TC_07" time="2.592" classname="testcase.TC07"/>
</testsuite> <!-- testcase.TC07 -->
