<?xml version="1.0" encoding="UTF-8"?>
<!-- Generated by org.testng.reporters.JUnitReportReporter -->
<testsuite hostname="Hung-PC" name="testcase.TC09" tests="1" failures="0" timestamp="17 Dec 2018 14:59:04 GMT" time="30.420" errors="0">
  <testcase name="TC_09" time="30.420" classname="testcase.TC09"/>
</testsuite> <!-- testcase.TC09 -->
