<?xml version="1.0" encoding="UTF-8"?>
<!-- Generated by org.testng.reporters.JUnitReportReporter -->
<testsuite hostname="Hung-PC" name="testcase.TC06" tests="1" failures="0" timestamp="17 Dec 2018 14:18:40 GMT" time="10.747" errors="0">
  <testcase name="TC_06" time="10.747" classname="testcase.TC06"/>
</testsuite> <!-- testcase.TC06 -->
